mode: set
essentials/nerdle/cmd/nerdle-api/api.go:11.13,14.34 3 0
essentials/nerdle/cmd/nerdle-api/api.go:14.34,16.3 1 0
essentials/nerdle/cmd/nerdle-cli/cli.go:17.13,30.2 4 0
essentials/nerdle/cmd/nerdle-cli/cli.go:32.47,39.6 6 0
essentials/nerdle/cmd/nerdle-cli/cli.go:39.6,41.22 2 0
essentials/nerdle/cmd/nerdle-cli/cli.go:41.22,44.4 2 0
essentials/nerdle/cmd/nerdle-cli/cli.go:46.3,54.56 8 0
essentials/nerdle/cmd/nerdle-cli/confirmplay.go:9.54,11.6 2 1
essentials/nerdle/cmd/nerdle-cli/confirmplay.go:11.6,14.15 3 1
essentials/nerdle/cmd/nerdle-cli/confirmplay.go:15.31,17.14 2 1
essentials/nerdle/cmd/nerdle-cli/confirmplay.go:18.29,20.23 2 1
essentials/nerdle/cmd/nerdle-cli/confirmplay.go:20.23,22.5 1 0
essentials/nerdle/cmd/nerdle-cli/confirmplay.go:23.11,24.43 1 1
essentials/nerdle/cmd/nerdle-cli/implementations.go:10.49,12.2 1 0
essentials/nerdle/internal/errs/errors.go:5.31,6.16 1 0
essentials/nerdle/internal/errs/errors.go:6.16,8.3 1 0
essentials/nerdle/internal/errs/errors.go:11.28,12.16 1 0
essentials/nerdle/internal/errs/errors.go:12.16,13.13 1 0
essentials/nerdle/internal/errs/errors.go:5.31,6.16 1 0
essentials/nerdle/internal/errs/errors.go:6.16,8.3 1 0
essentials/nerdle/internal/errs/errors.go:11.28,12.16 1 0
essentials/nerdle/internal/errs/errors.go:12.16,13.13 1 0
essentials/nerdle/internal/game/game.go:25.78,33.2 1 0
essentials/nerdle/internal/game/game.go:35.37,39.16 4 0
essentials/nerdle/internal/game/game.go:39.16,41.3 1 0
essentials/nerdle/internal/game/game.go:42.2,43.26 2 0
essentials/nerdle/internal/game/game.go:46.24,48.2 1 0
essentials/nerdle/internal/game/game.go:50.47,51.49 1 1
essentials/nerdle/internal/game/game.go:51.49,55.22 3 1
essentials/nerdle/internal/game/game.go:55.22,58.4 2 0
essentials/nerdle/internal/game/game.go:59.3,59.48 1 1
essentials/nerdle/internal/game/game.go:59.48,61.12 2 0
essentials/nerdle/internal/game/game.go:63.3,64.17 2 1
essentials/nerdle/internal/game/game.go:64.17,66.12 2 1
essentials/nerdle/internal/game/game.go:68.3,69.16 2 1
essentials/nerdle/internal/game/game.go:69.16,72.4 2 1
essentials/nerdle/internal/game/game.go:72.9,75.12 3 1
essentials/nerdle/internal/game/game.go:78.2,78.19 1 1
essentials/nerdle/internal/game/game.go:81.48,83.66 2 1
essentials/nerdle/internal/game/game.go:83.66,85.3 1 1
essentials/nerdle/internal/game/game.go:86.2,86.34 1 1
essentials/nerdle/internal/game/game.go:89.48,90.16 1 1
essentials/nerdle/internal/game/game.go:90.16,93.3 2 1
essentials/nerdle/internal/game/game.go:94.2,94.82 1 1
essentials/nerdle/internal/game/game.go:97.25,99.2 1 0
essentials/nerdle/internal/env/env.go:9.27,13.29 4 1
essentials/nerdle/internal/env/env.go:13.29,16.3 2 1
essentials/nerdle/internal/errs/errors.go:5.31,6.16 1 0
essentials/nerdle/internal/errs/errors.go:6.16,8.3 1 0
essentials/nerdle/internal/errs/errors.go:11.28,12.16 1 1
essentials/nerdle/internal/errs/errors.go:12.16,13.13 1 0
essentials/nerdle/internal/guess/guess.go:11.34,13.30 2 1
essentials/nerdle/internal/guess/guess.go:13.30,15.3 1 1
essentials/nerdle/internal/guess/guess.go:16.2,16.16 1 1
essentials/nerdle/internal/guess/guess.go:19.32,21.22 2 1
essentials/nerdle/internal/guess/guess.go:21.22,23.3 1 1
essentials/nerdle/internal/guess/guess.go:24.2,24.21 1 1
essentials/nerdle/internal/guess/guess.go:27.53,28.29 1 1
essentials/nerdle/internal/guess/guess.go:28.29,30.3 1 1
essentials/nerdle/internal/guess/guess.go:32.2,32.28 1 1
essentials/nerdle/internal/guess/guess.go:32.28,34.3 1 1
essentials/nerdle/internal/guess/guess.go:36.2,36.22 1 1
essentials/nerdle/internal/guess/guess.go:36.22,37.45 1 1
essentials/nerdle/internal/guess/guess.go:37.45,39.4 1 1
essentials/nerdle/internal/guess/guess.go:39.9,39.63 1 1
essentials/nerdle/internal/guess/guess.go:39.63,41.4 1 1
essentials/nerdle/internal/guess/guess.go:41.9,43.4 1 1
essentials/nerdle/internal/guess/guess.go:45.2,45.19 1 1
essentials/nerdle/internal/guess/guess.go:48.42,50.22 2 1
essentials/nerdle/internal/guess/guess.go:50.22,52.19 2 1
essentials/nerdle/internal/guess/guess.go:53.24,54.54 1 1
essentials/nerdle/internal/guess/guess.go:55.26,56.55 1 1
essentials/nerdle/internal/guess/guess.go:57.18,58.52 1 1
essentials/nerdle/internal/guess/guess.go:59.11,60.48 1 0
essentials/nerdle/internal/guess/guess.go:62.3,62.28 1 1
essentials/nerdle/internal/guess/guess.go:64.2,64.13 1 1
essentials/nerdle/internal/guess/letter.go:26.58,28.2 1 1
essentials/nerdle/internal/dictionary/dictionary.go:46.66,48.2 1 1
essentials/nerdle/internal/dictionary/dictionary.go:50.69,52.16 2 1
essentials/nerdle/internal/dictionary/dictionary.go:52.16,54.3 1 1
essentials/nerdle/internal/dictionary/dictionary.go:55.2,57.16 3 1
essentials/nerdle/internal/dictionary/dictionary.go:57.16,59.3 1 1
essentials/nerdle/internal/dictionary/dictionary.go:60.2,60.18 1 1
essentials/nerdle/internal/dictionary/dictionary.go:63.90,66.21 3 1
essentials/nerdle/internal/dictionary/dictionary.go:66.21,68.21 2 1
essentials/nerdle/internal/dictionary/dictionary.go:68.21,71.4 2 1
essentials/nerdle/internal/dictionary/dictionary.go:73.2,73.38 1 1
essentials/nerdle/internal/dictionary/dictionary.go:73.38,76.3 2 0
essentials/nerdle/internal/dictionary/dictionary.go:77.2,77.42 1 1
essentials/nerdle/internal/dictionary/dictionary.go:80.86,83.16 3 1
essentials/nerdle/internal/dictionary/dictionary.go:83.16,85.3 1 0
essentials/nerdle/internal/dictionary/dictionary.go:86.2,87.16 2 1
essentials/nerdle/internal/dictionary/dictionary.go:87.16,89.3 1 0
essentials/nerdle/internal/dictionary/dictionary.go:90.2,90.32 1 1
essentials/nerdle/internal/dictionary/dictionary.go:93.72,95.55 2 1
essentials/nerdle/internal/dictionary/dictionary.go:95.55,97.3 1 1
essentials/nerdle/internal/dictionary/dictionary.go:98.2,98.24 1 1
essentials/nerdle/internal/dictionary/dictionary.go:98.24,100.3 1 1
essentials/nerdle/internal/dictionary/dictionary.go:101.2,101.58 1 1
essentials/nerdle/internal/dictionary/dictionary.go:104.55,107.17 3 0
essentials/nerdle/internal/dictionary/dictionary.go:107.17,111.3 3 0
essentials/nerdle/internal/dictionary/dictionary.go:112.2,112.16 1 0
essentials/nerdle/internal/dictionary/dictionary.go:112.16,116.3 3 0
essentials/nerdle/internal/dictionary/dictionary.go:117.2,117.25 1 0
essentials/nerdle/internal/dictionary/dictionary.go:117.25,119.3 1 0
essentials/nerdle/internal/dictionary/dictionary.go:119.8,125.3 1 0
essentials/nerdle/internal/dictionary/dictionary.go:126.2,126.17 1 0
essentials/nerdle/internal/dictionary/dictionary.go:129.71,136.40 4 1
essentials/nerdle/internal/dictionary/dictionary.go:136.40,138.3 1 1
essentials/nerdle/internal/dictionary/dictionary.go:139.2,139.51 1 1
essentials/nerdle/internal/scoreboard/scoreboard.go:13.65,15.8 2 1
essentials/nerdle/internal/scoreboard/scoreboard.go:15.8,18.3 2 1
essentials/nerdle/internal/scoreboard/scoreboard.go:19.2,19.41 1 1
essentials/nerdle/internal/scoreboard/scoreboard.go:22.39,23.18 1 1
essentials/nerdle/internal/scoreboard/scoreboard.go:23.18,25.3 1 1
essentials/nerdle/internal/scoreboard/scoreboard.go:26.2,26.10 1 1
essentials/nerdle/internal/scoreboard/scoreboard.go:29.34,31.35 2 1
essentials/nerdle/internal/scoreboard/scoreboard.go:31.35,33.3 1 1
essentials/nerdle/internal/scoreboard/scoreboard.go:34.2,34.29 1 1
essentials/nerdle/internal/server/authmiddleware.go:8.51,9.53 1 1
essentials/nerdle/internal/server/authmiddleware.go:9.53,11.23 2 1
essentials/nerdle/internal/server/authmiddleware.go:11.23,14.4 2 1
essentials/nerdle/internal/server/authmiddleware.go:15.3,15.23 1 1
essentials/nerdle/internal/server/authmiddleware.go:17.2,17.29 1 1
essentials/nerdle/internal/server/handlers.go:7.68,10.2 2 1
essentials/nerdle/internal/server/parsers.go:5.43,7.16 2 1
essentials/nerdle/internal/server/parsers.go:7.16,9.3 1 1
essentials/nerdle/internal/server/parsers.go:10.2,10.17 1 1
essentials/nerdle/internal/server/responses.go:5.52,8.2 2 1
essentials/nerdle/internal/server/responses.go:10.57,13.2 2 1
essentials/nerdle/internal/server/responses.go:15.59,18.2 2 1
essentials/nerdle/internal/server/responses.go:20.61,23.2 2 1
essentials/nerdle/internal/server/responses.go:25.63,28.2 2 1
essentials/nerdle/internal/server/server.go:18.37,20.2 1 0
essentials/nerdle/internal/server/server.go:22.36,29.2 6 0
essentials/nerdle/internal/server/server.go:31.27,33.2 1 0
essentials/nerdle/internal/server/server.go:35.29,42.60 5 0
essentials/nerdle/internal/server/server.go:42.60,44.3 1 0
essentials/nerdle/internal/server/server.go:45.2,45.12 1 0
essentials/nerdle/internal/player/player.go:16.70,18.16 2 1
essentials/nerdle/internal/player/player.go:18.16,20.3 1 0
essentials/nerdle/internal/player/player.go:21.2,21.99 1 1
essentials/nerdle/internal/player/player.go:24.33,26.37 2 1
essentials/nerdle/internal/player/player.go:26.37,28.3 1 1
essentials/nerdle/internal/player/player.go:31.50,32.37 1 1
essentials/nerdle/internal/player/player.go:32.37,33.32 1 1
essentials/nerdle/internal/player/player.go:33.32,35.4 1 1
essentials/nerdle/internal/player/player.go:37.2,37.14 1 1
essentials/nerdle/internal/player/player.go:40.48,44.17 4 1
essentials/nerdle/internal/player/player.go:44.17,47.17 3 1
essentials/nerdle/internal/player/player.go:47.17,49.4 1 1
essentials/nerdle/internal/player/player.go:51.2,51.18 1 1
essentials/nerdle/internal/rest/restclient.go:24.55,25.27 1 1
essentials/nerdle/internal/rest/restclient.go:25.27,27.3 1 1
essentials/nerdle/internal/rest/restclient.go:28.2,28.48 1 1
essentials/nerdle/internal/rest/restclient.go:31.55,33.16 2 1
essentials/nerdle/internal/rest/restclient.go:33.16,35.3 1 1
essentials/nerdle/internal/rest/restclient.go:36.2,37.11 2 1
essentials/nerdle/internal/rest/restclient.go:40.68,42.16 2 1
essentials/nerdle/internal/rest/restclient.go:42.16,44.3 1 1
essentials/nerdle/internal/rest/restclient.go:45.2,46.11 2 1
essentials/nerdle/internal/rest/restclient.go:49.67,51.16 2 1
essentials/nerdle/internal/rest/restclient.go:51.16,53.3 1 1
essentials/nerdle/internal/rest/restclient.go:54.2,55.11 2 1
essentials/nerdle/internal/rest/restclient.go:58.70,60.16 2 1
essentials/nerdle/internal/rest/restclient.go:60.16,62.3 1 1
essentials/nerdle/internal/rest/restclient.go:63.2,64.11 2 1
essentials/nerdle/internal/rest/restclient.go:67.70,68.34 1 1
essentials/nerdle/internal/rest/restclient.go:68.34,70.3 1 1
essentials/nerdle/internal/rest/restclient.go:71.2,71.11 1 1
essentials/nerdle/internal/rest/restclient.go:74.51,75.19 1 1
essentials/nerdle/internal/rest/restclient.go:75.19,77.3 1 1
essentials/nerdle/internal/rest/restclient.go:78.2,79.16 2 1
essentials/nerdle/internal/rest/restclient.go:79.16,81.3 1 1
essentials/nerdle/internal/rest/restclient.go:82.2,85.16 3 1
essentials/nerdle/internal/rest/restclient.go:85.16,87.3 1 0
essentials/nerdle/internal/rest/restclient.go:88.2,88.67 1 1
