mode: set
essentials/nerdle/cmd/nerdle-api/api.go:22.20,24.16 2 0
essentials/nerdle/cmd/nerdle-api/api.go:24.16,25.13 1 0
essentials/nerdle/cmd/nerdle-api/api.go:27.2,29.16 3 0
essentials/nerdle/cmd/nerdle-api/api.go:29.16,30.13 1 0
essentials/nerdle/cmd/nerdle-api/api.go:32.2,32.43 1 0
essentials/nerdle/cmd/nerdle-api/api.go:35.13,40.2 2 0
essentials/nerdle/cmd/nerdle-api/api.go:42.12,56.34 8 0
essentials/nerdle/cmd/nerdle-api/api.go:56.34,58.3 1 0
essentials/nerdle/internal/images/images.go:13.37,15.32 2 0
essentials/nerdle/internal/images/images.go:15.32,19.13 4 0
essentials/nerdle/internal/images/images.go:19.13,22.4 2 0
essentials/nerdle/internal/images/images.go:24.2,25.36 2 0
essentials/nerdle/internal/images/images.go:28.54,33.2 4 0
essentials/nerdle/internal/images/images.go:35.45,37.16 2 0
essentials/nerdle/internal/images/images.go:37.16,38.13 1 0
essentials/nerdle/internal/images/images.go:40.2,42.46 2 0
essentials/nerdle/internal/images/images.go:45.55,48.2 2 0
essentials/nerdle/internal/images/images.go:50.49,52.33 2 0
essentials/nerdle/internal/images/images.go:52.33,53.37 1 0
essentials/nerdle/internal/images/images.go:53.37,55.16 2 0
essentials/nerdle/internal/images/images.go:55.16,56.13 1 0
essentials/nerdle/internal/images/images.go:58.4,59.16 2 0
essentials/nerdle/internal/images/images.go:59.16,60.13 1 0
essentials/nerdle/internal/images/images.go:62.4,63.10 2 0
essentials/nerdle/internal/images/images.go:63.10,65.5 1 0
essentials/nerdle/internal/images/images.go:68.2,68.17 1 0
essentials/nerdle/internal/images/images.go:71.53,75.16 4 0
essentials/nerdle/internal/images/images.go:75.16,77.13 2 0
essentials/nerdle/internal/images/images.go:79.2,82.30 3 0
essentials/nerdle/internal/images/images.go:82.30,84.31 2 0
essentials/nerdle/internal/images/images.go:84.31,86.4 1 0
essentials/nerdle/internal/images/images.go:87.3,87.25 1 0
essentials/nerdle/internal/images/images.go:89.2,89.13 1 0
essentials/nerdle/internal/images/images.go:92.66,96.36 4 0
essentials/nerdle/internal/images/images.go:96.36,98.3 1 0
essentials/nerdle/internal/images/images.go:99.2,99.28 1 0
essentials/nerdle/internal/images/images.go:99.28,100.29 1 0
essentials/nerdle/internal/images/images.go:100.29,104.4 3 0
essentials/nerdle/internal/images/images.go:106.2,106.16 1 0
essentials/nerdle/internal/fileserver/fileserver.go:10.66,11.38 1 0
essentials/nerdle/internal/fileserver/fileserver.go:11.38,12.58 1 0
essentials/nerdle/internal/fileserver/fileserver.go:15.2,15.45 1 0
essentials/nerdle/internal/fileserver/fileserver.go:15.45,18.3 2 0
essentials/nerdle/internal/fileserver/fileserver.go:19.2,21.59 2 0
essentials/nerdle/internal/fileserver/fileserver.go:21.59,26.3 4 0
essentials/nerdle/internal/impl/opener.go:10.49,12.2 1 0
essentials/nerdle/cmd/nerdle-cli/cli.go:18.13,31.2 4 0
essentials/nerdle/cmd/nerdle-cli/cli.go:33.42,40.6 6 0
essentials/nerdle/cmd/nerdle-cli/cli.go:40.6,42.22 2 0
essentials/nerdle/cmd/nerdle-cli/cli.go:42.22,45.4 2 0
essentials/nerdle/cmd/nerdle-cli/cli.go:47.3,55.56 8 0
essentials/nerdle/cmd/nerdle-cli/confirmplay.go:9.54,11.6 2 1
essentials/nerdle/cmd/nerdle-cli/confirmplay.go:11.6,14.15 3 1
essentials/nerdle/cmd/nerdle-cli/confirmplay.go:15.31,17.14 2 1
essentials/nerdle/cmd/nerdle-cli/confirmplay.go:18.29,20.23 2 1
essentials/nerdle/cmd/nerdle-cli/confirmplay.go:20.23,22.5 1 0
essentials/nerdle/cmd/nerdle-cli/confirmplay.go:23.11,24.43 1 1
essentials/nerdle/cmd/nerdle-cli/implementations.go:10.49,12.2 1 0
essentials/nerdle/internal/env/env.go:9.27,13.29 4 1
essentials/nerdle/internal/env/env.go:13.29,16.3 2 1
essentials/nerdle/internal/errs/errors.go:7.28,8.16 1 1
essentials/nerdle/internal/errs/errors.go:8.16,9.13 1 1
essentials/nerdle/internal/errs/errors.go:19.39,20.18 1 1
essentials/nerdle/internal/errs/errors.go:20.18,22.3 1 1
essentials/nerdle/internal/errs/errors.go:23.2,23.25 1 0
essentials/nerdle/internal/game/apigame.go:17.61,19.2 1 1
essentials/nerdle/internal/game/apigame.go:26.36,30.2 3 1
essentials/nerdle/internal/game/apigame.go:32.59,37.2 4 0
essentials/nerdle/internal/game/apigame.go:39.41,43.2 3 1
essentials/nerdle/internal/game/apigame.go:45.47,47.2 1 1
essentials/nerdle/internal/game/game.go:25.78,33.2 1 1
essentials/nerdle/internal/game/game.go:35.37,39.16 4 0
essentials/nerdle/internal/game/game.go:39.16,41.3 1 0
essentials/nerdle/internal/game/game.go:42.2,43.26 2 0
essentials/nerdle/internal/game/game.go:46.24,48.2 1 0
essentials/nerdle/internal/game/game.go:50.47,51.49 1 1
essentials/nerdle/internal/game/game.go:51.49,55.22 3 1
essentials/nerdle/internal/game/game.go:55.22,58.4 2 0
essentials/nerdle/internal/game/game.go:59.3,59.48 1 1
essentials/nerdle/internal/game/game.go:59.48,61.12 2 0
essentials/nerdle/internal/game/game.go:63.3,64.17 2 1
essentials/nerdle/internal/game/game.go:64.17,66.12 2 1
essentials/nerdle/internal/game/game.go:68.3,69.16 2 1
essentials/nerdle/internal/game/game.go:69.16,72.4 2 1
essentials/nerdle/internal/game/game.go:72.9,75.12 3 1
essentials/nerdle/internal/game/game.go:78.2,78.19 1 1
essentials/nerdle/internal/game/game.go:81.48,83.66 2 1
essentials/nerdle/internal/game/game.go:83.66,85.3 1 1
essentials/nerdle/internal/game/game.go:86.2,86.34 1 1
essentials/nerdle/internal/game/game.go:89.48,90.16 1 1
essentials/nerdle/internal/game/game.go:90.16,93.3 2 1
essentials/nerdle/internal/game/game.go:94.2,94.82 1 1
essentials/nerdle/internal/game/game.go:97.25,99.2 1 0
essentials/nerdle/internal/guess/guess.go:11.34,13.30 2 1
essentials/nerdle/internal/guess/guess.go:13.30,15.3 1 1
essentials/nerdle/internal/guess/guess.go:16.2,16.16 1 1
essentials/nerdle/internal/guess/guess.go:19.32,21.22 2 1
essentials/nerdle/internal/guess/guess.go:21.22,23.3 1 1
essentials/nerdle/internal/guess/guess.go:24.2,24.21 1 1
essentials/nerdle/internal/guess/guess.go:27.53,28.29 1 1
essentials/nerdle/internal/guess/guess.go:28.29,30.3 1 1
essentials/nerdle/internal/guess/guess.go:32.2,32.28 1 1
essentials/nerdle/internal/guess/guess.go:32.28,34.3 1 1
essentials/nerdle/internal/guess/guess.go:36.2,36.22 1 1
essentials/nerdle/internal/guess/guess.go:36.22,37.45 1 1
essentials/nerdle/internal/guess/guess.go:37.45,39.4 1 1
essentials/nerdle/internal/guess/guess.go:39.9,39.63 1 1
essentials/nerdle/internal/guess/guess.go:39.63,41.4 1 1
essentials/nerdle/internal/guess/guess.go:41.9,43.4 1 1
essentials/nerdle/internal/guess/guess.go:45.2,45.19 1 1
essentials/nerdle/internal/guess/guess.go:48.42,50.22 2 1
essentials/nerdle/internal/guess/guess.go:50.22,52.19 2 1
essentials/nerdle/internal/guess/guess.go:53.24,54.54 1 1
essentials/nerdle/internal/guess/guess.go:55.26,56.55 1 1
essentials/nerdle/internal/guess/guess.go:57.18,58.52 1 1
essentials/nerdle/internal/guess/guess.go:59.11,60.48 1 0
essentials/nerdle/internal/guess/guess.go:62.3,62.28 1 1
essentials/nerdle/internal/guess/guess.go:64.2,64.13 1 1
essentials/nerdle/internal/guess/letter.go:26.58,28.2 1 1
essentials/nerdle/internal/dictionary/dictionary.go:42.69,44.16 2 1
essentials/nerdle/internal/dictionary/dictionary.go:44.16,46.3 1 1
essentials/nerdle/internal/dictionary/dictionary.go:47.2,49.16 3 1
essentials/nerdle/internal/dictionary/dictionary.go:49.16,51.3 1 1
essentials/nerdle/internal/dictionary/dictionary.go:52.2,52.18 1 1
essentials/nerdle/internal/dictionary/dictionary.go:55.90,58.21 3 1
essentials/nerdle/internal/dictionary/dictionary.go:58.21,60.21 2 1
essentials/nerdle/internal/dictionary/dictionary.go:60.21,63.4 2 1
essentials/nerdle/internal/dictionary/dictionary.go:65.2,65.38 1 1
essentials/nerdle/internal/dictionary/dictionary.go:65.38,68.3 2 0
essentials/nerdle/internal/dictionary/dictionary.go:69.2,69.35 1 1
essentials/nerdle/internal/dictionary/dictionary.go:72.86,75.16 3 1
essentials/nerdle/internal/dictionary/dictionary.go:75.16,77.3 1 0
essentials/nerdle/internal/dictionary/dictionary.go:78.2,79.16 2 1
essentials/nerdle/internal/dictionary/dictionary.go:79.16,81.3 1 0
essentials/nerdle/internal/dictionary/dictionary.go:82.2,82.32 1 1
essentials/nerdle/internal/dictionary/dictionary.go:85.72,87.55 2 1
essentials/nerdle/internal/dictionary/dictionary.go:87.55,89.3 1 1
essentials/nerdle/internal/dictionary/dictionary.go:90.2,90.24 1 1
essentials/nerdle/internal/dictionary/dictionary.go:90.24,92.3 1 1
essentials/nerdle/internal/dictionary/dictionary.go:93.2,93.58 1 1
essentials/nerdle/internal/dictionary/dictionary.go:96.55,99.17 3 1
essentials/nerdle/internal/dictionary/dictionary.go:99.17,103.3 3 0
essentials/nerdle/internal/dictionary/dictionary.go:104.2,104.16 1 1
essentials/nerdle/internal/dictionary/dictionary.go:104.16,108.3 3 0
essentials/nerdle/internal/dictionary/dictionary.go:109.2,109.25 1 1
essentials/nerdle/internal/dictionary/dictionary.go:109.25,111.3 1 1
essentials/nerdle/internal/dictionary/dictionary.go:111.8,117.3 1 0
essentials/nerdle/internal/dictionary/dictionary.go:118.2,118.17 1 1
essentials/nerdle/internal/dictionary/dictionary.go:121.67,124.17 3 0
essentials/nerdle/internal/dictionary/dictionary.go:124.17,128.3 3 0
essentials/nerdle/internal/dictionary/dictionary.go:129.2,129.12 1 0
essentials/nerdle/internal/dictionary/dictionary.go:132.71,139.40 4 1
essentials/nerdle/internal/dictionary/dictionary.go:139.40,141.3 1 1
essentials/nerdle/internal/dictionary/dictionary.go:142.2,142.51 1 1
essentials/nerdle/internal/oddsends/sample.go:5.46,10.2 3 1
essentials/nerdle/internal/player/apiplayer.go:20.40,24.2 3 1
essentials/nerdle/internal/player/apiplayer.go:26.63,31.2 4 0
essentials/nerdle/internal/player/apiplayer.go:33.53,35.2 1 1
essentials/nerdle/internal/player/apiplayer.go:37.51,39.2 1 1
essentials/nerdle/internal/player/player.go:16.70,18.16 2 1
essentials/nerdle/internal/player/player.go:18.16,20.3 1 0
essentials/nerdle/internal/player/player.go:21.2,21.99 1 1
essentials/nerdle/internal/player/player.go:24.33,26.37 2 1
essentials/nerdle/internal/player/player.go:26.37,28.3 1 1
essentials/nerdle/internal/player/player.go:31.50,32.37 1 1
essentials/nerdle/internal/player/player.go:32.37,33.32 1 1
essentials/nerdle/internal/player/player.go:33.32,35.4 1 1
essentials/nerdle/internal/player/player.go:37.2,37.14 1 1
essentials/nerdle/internal/player/player.go:40.48,44.17 4 1
essentials/nerdle/internal/player/player.go:44.17,47.17 3 1
essentials/nerdle/internal/player/player.go:47.17,49.4 1 1
essentials/nerdle/internal/player/player.go:51.2,51.18 1 1
essentials/nerdle/internal/rest/restclient.go:24.55,25.27 1 1
essentials/nerdle/internal/rest/restclient.go:25.27,27.3 1 1
essentials/nerdle/internal/rest/restclient.go:28.2,28.48 1 1
essentials/nerdle/internal/rest/restclient.go:31.55,33.16 2 1
essentials/nerdle/internal/rest/restclient.go:33.16,35.3 1 1
essentials/nerdle/internal/rest/restclient.go:36.2,37.11 2 1
essentials/nerdle/internal/rest/restclient.go:40.68,42.16 2 1
essentials/nerdle/internal/rest/restclient.go:42.16,44.3 1 1
essentials/nerdle/internal/rest/restclient.go:45.2,46.11 2 1
essentials/nerdle/internal/rest/restclient.go:49.67,51.16 2 1
essentials/nerdle/internal/rest/restclient.go:51.16,53.3 1 1
essentials/nerdle/internal/rest/restclient.go:54.2,55.11 2 1
essentials/nerdle/internal/rest/restclient.go:58.70,60.16 2 1
essentials/nerdle/internal/rest/restclient.go:60.16,62.3 1 1
essentials/nerdle/internal/rest/restclient.go:63.2,64.11 2 1
essentials/nerdle/internal/rest/restclient.go:67.70,68.34 1 1
essentials/nerdle/internal/rest/restclient.go:68.34,70.3 1 1
essentials/nerdle/internal/rest/restclient.go:71.2,71.11 1 1
essentials/nerdle/internal/rest/restclient.go:74.51,75.19 1 1
essentials/nerdle/internal/rest/restclient.go:75.19,77.3 1 1
essentials/nerdle/internal/rest/restclient.go:78.2,79.16 2 1
essentials/nerdle/internal/rest/restclient.go:79.16,81.3 1 1
essentials/nerdle/internal/rest/restclient.go:82.2,85.16 3 1
essentials/nerdle/internal/rest/restclient.go:85.16,87.3 1 0
essentials/nerdle/internal/rest/restclient.go:88.2,88.67 1 1
essentials/nerdle/internal/scoreboard/scoreboard.go:13.65,15.8 2 1
essentials/nerdle/internal/scoreboard/scoreboard.go:15.8,18.3 2 1
essentials/nerdle/internal/scoreboard/scoreboard.go:19.2,19.41 1 1
essentials/nerdle/internal/scoreboard/scoreboard.go:22.39,23.18 1 1
essentials/nerdle/internal/scoreboard/scoreboard.go:23.18,25.3 1 1
essentials/nerdle/internal/scoreboard/scoreboard.go:26.2,26.10 1 1
essentials/nerdle/internal/scoreboard/scoreboard.go:29.34,31.35 2 1
essentials/nerdle/internal/scoreboard/scoreboard.go:31.35,33.3 1 1
essentials/nerdle/internal/scoreboard/scoreboard.go:34.2,34.29 1 1
essentials/nerdle/internal/scoreboard/scoreboardv2.go:14.60,16.37 2 1
essentials/nerdle/internal/scoreboard/scoreboardv2.go:16.37,18.3 1 1
essentials/nerdle/internal/scoreboard/scoreboardv2.go:19.2,19.30 1 1
essentials/nerdle/internal/scoreboard/scoreboardv2.go:22.42,23.32 1 0
essentials/nerdle/internal/scoreboard/scoreboardv2.go:23.32,26.3 2 0
essentials/nerdle/internal/scoreboard/scoreboardv2.go:29.26,31.2 1 0
essentials/nerdle/internal/service/id/ulid.go:10.26,14.16 4 1
essentials/nerdle/internal/service/id/ulid.go:14.16,16.3 1 0
essentials/nerdle/internal/service/id/ulid.go:17.2,17.10 1 1
essentials/nerdle/internal/server/ctrl/scorehandler.go:15.74,17.2 1 1
essentials/nerdle/internal/server/ctrl/scorehandler.go:19.80,22.16 3 1
essentials/nerdle/internal/server/ctrl/scorehandler.go:22.16,26.3 3 0
essentials/nerdle/internal/server/ctrl/scorehandler.go:27.2,29.14 3 1
essentials/nerdle/internal/server/ctrl/scorehandler.go:32.65,34.2 1 1
essentials/nerdle/internal/limiter/ratelimiter.go:40.70,49.2 1 1
essentials/nerdle/internal/limiter/ratelimiter.go:51.36,53.30 2 1
essentials/nerdle/internal/limiter/ratelimiter.go:53.30,56.3 2 1
essentials/nerdle/internal/limiter/ratelimiter.go:59.42,60.31 1 1
essentials/nerdle/internal/limiter/ratelimiter.go:60.31,63.3 2 1
essentials/nerdle/internal/limiter/ratelimiter.go:64.2,64.10 1 1
essentials/nerdle/internal/limiter/ratelimiter.go:67.35,68.38 1 1
essentials/nerdle/internal/limiter/ratelimiter.go:68.38,70.3 1 1
essentials/nerdle/internal/limiter/ratelimiter.go:71.2,74.22 4 1
essentials/nerdle/internal/fileserver/fileserver.go:10.66,11.38 1 1
essentials/nerdle/internal/fileserver/fileserver.go:11.38,12.58 1 0
essentials/nerdle/internal/fileserver/fileserver.go:15.2,15.45 1 1
essentials/nerdle/internal/fileserver/fileserver.go:15.45,18.3 2 1
essentials/nerdle/internal/fileserver/fileserver.go:19.2,21.59 2 1
essentials/nerdle/internal/fileserver/fileserver.go:21.59,26.3 4 0
essentials/nerdle/internal/server/handleerror.go:5.54,6.54 1 1
essentials/nerdle/internal/server/handleerror.go:6.54,7.34 1 1
essentials/nerdle/internal/server/handleerror.go:7.34,8.23 1 1
essentials/nerdle/internal/server/handleerror.go:9.48,10.33 1 1
essentials/nerdle/internal/server/handleerror.go:11.12,12.31 1 1
essentials/nerdle/internal/server/handlersgame.go:18.73,20.16 2 1
essentials/nerdle/internal/server/handlersgame.go:20.16,23.3 2 0
essentials/nerdle/internal/server/handlersgame.go:24.2,25.16 2 1
essentials/nerdle/internal/server/handlersgame.go:25.16,28.3 2 1
essentials/nerdle/internal/server/handlersgame.go:29.2,31.78 3 1
essentials/nerdle/internal/server/handlersgame.go:34.69,37.9 3 1
essentials/nerdle/internal/server/handlersgame.go:37.9,39.3 1 1
essentials/nerdle/internal/server/handlersgame.go:40.2,40.15 1 1
essentials/nerdle/internal/server/handlersgame.go:45.80,47.16 2 1
essentials/nerdle/internal/server/handlersgame.go:47.16,49.3 1 0
essentials/nerdle/internal/server/handlersgame.go:50.2,51.9 2 1
essentials/nerdle/internal/server/handlersgame.go:51.9,53.3 1 0
essentials/nerdle/internal/server/handlersgame.go:54.2,54.53 1 1
essentials/nerdle/internal/server/handlersgame.go:54.53,56.3 1 1
essentials/nerdle/internal/server/handlersgame.go:57.2,61.12 5 1
essentials/nerdle/internal/server/handlersgame.go:64.37,68.2 3 1
essentials/nerdle/internal/server/handlersgame.go:70.28,72.22 2 1
essentials/nerdle/internal/server/handlersgame.go:72.22,73.13 1 1
essentials/nerdle/internal/server/handlersgame.go:73.13,75.4 1 1
essentials/nerdle/internal/server/handlersgame.go:75.9,77.4 1 1
essentials/nerdle/internal/server/handlersgame.go:79.2,79.15 1 1
essentials/nerdle/internal/server/handlersgame.go:82.70,86.16 4 1
essentials/nerdle/internal/server/handlersgame.go:86.16,89.3 2 0
essentials/nerdle/internal/server/handlersgame.go:90.2,92.9 3 1
essentials/nerdle/internal/server/handlersgame.go:92.9,95.3 2 0
essentials/nerdle/internal/server/handlersgame.go:96.2,97.41 2 1
essentials/nerdle/internal/server/handlersgame.go:97.41,101.3 3 1
essentials/nerdle/internal/server/handlersgame.go:102.2,104.37 3 1
essentials/nerdle/internal/server/handlershome.go:7.68,10.2 2 1
essentials/nerdle/internal/server/handlersplayers.go:12.75,14.16 2 1
essentials/nerdle/internal/server/handlersplayers.go:14.16,17.3 2 0
essentials/nerdle/internal/server/handlersplayers.go:18.2,18.33 1 1
essentials/nerdle/internal/server/handlersplayers.go:18.33,21.3 2 1
essentials/nerdle/internal/server/handlersplayers.go:22.2,24.88 3 1
essentials/nerdle/internal/server/handlersplayers.go:27.81,31.2 3 1
essentials/nerdle/internal/server/handlersplayers.go:33.75,35.36 2 1
essentials/nerdle/internal/server/handlersplayers.go:35.36,37.3 1 1
essentials/nerdle/internal/server/handlersplayers.go:38.2,39.16 2 1
essentials/nerdle/internal/server/handlersplayers.go:39.16,42.3 2 0
essentials/nerdle/internal/server/handlersplayers.go:43.2,43.28 1 1
essentials/nerdle/internal/server/handlerstesttypes.go:14.45,14.46 0 1
essentials/nerdle/internal/server/handlerstesttypes.go:15.46,17.2 1 1
essentials/nerdle/internal/server/handlerstesttypes.go:18.69,21.2 2 1
essentials/nerdle/internal/server/handlerstesttypes.go:27.52,29.2 1 1
essentials/nerdle/internal/server/handlerstesttypes.go:30.65,32.2 1 1
essentials/nerdle/internal/server/handlerstesttypes.go:33.75,36.2 2 1
essentials/nerdle/internal/server/middlewareauth.go:9.51,10.53 1 1
essentials/nerdle/internal/server/middlewareauth.go:10.53,14.93 4 1
essentials/nerdle/internal/server/middlewareauth.go:14.93,17.4 2 1
essentials/nerdle/internal/server/middlewareauth.go:18.3,18.23 1 1
essentials/nerdle/internal/server/middlewareauth.go:20.2,20.29 1 1
essentials/nerdle/internal/server/middlewarejson.go:5.50,6.53 1 1
essentials/nerdle/internal/server/middlewarejson.go:6.53,9.3 2 1
essentials/nerdle/internal/server/middlewarejson.go:10.2,10.29 1 1
essentials/nerdle/internal/server/middlewarejson.go:13.64,14.54 1 1
essentials/nerdle/internal/server/middlewarejson.go:14.54,17.3 2 1
essentials/nerdle/internal/server/middlewarejson.go:20.64,21.54 1 1
essentials/nerdle/internal/server/middlewarejson.go:21.54,24.3 2 1
essentials/nerdle/internal/server/parsers.go:9.43,11.16 2 1
essentials/nerdle/internal/server/parsers.go:11.16,13.3 1 1
essentials/nerdle/internal/server/parsers.go:14.2,14.17 1 1
essentials/nerdle/internal/server/parsers.go:17.32,19.16 2 1
essentials/nerdle/internal/server/parsers.go:19.16,21.3 1 0
essentials/nerdle/internal/server/parsers.go:22.2,22.12 1 1
essentials/nerdle/internal/server/parsers.go:25.53,27.48 2 1
essentials/nerdle/internal/server/parsers.go:27.48,29.3 1 1
essentials/nerdle/internal/server/parsers.go:30.2,30.16 1 1
essentials/nerdle/internal/server/parsers.go:33.54,37.16 4 1
essentials/nerdle/internal/server/parsers.go:37.16,39.3 1 1
essentials/nerdle/internal/server/parsers.go:40.2,40.16 1 1
essentials/nerdle/internal/server/parsers.go:43.62,45.16 2 1
essentials/nerdle/internal/server/parsers.go:45.16,47.3 1 0
essentials/nerdle/internal/server/parsers.go:48.2,49.16 2 1
essentials/nerdle/internal/server/parsers.go:49.16,51.3 1 1
essentials/nerdle/internal/server/parsers.go:52.2,52.20 1 1
essentials/nerdle/internal/server/parsers.go:55.63,57.16 2 1
essentials/nerdle/internal/server/parsers.go:57.16,59.3 1 0
essentials/nerdle/internal/server/parsers.go:60.2,60.21 1 1
essentials/nerdle/internal/server/responses.go:13.52,16.2 2 1
essentials/nerdle/internal/server/responses.go:18.57,21.2 2 1
essentials/nerdle/internal/server/responses.go:23.59,26.2 2 1
essentials/nerdle/internal/server/responses.go:28.61,31.2 2 1
essentials/nerdle/internal/server/responses.go:33.63,36.2 2 1
essentials/nerdle/internal/server/server.go:36.37,50.2 5 1
essentials/nerdle/internal/server/server.go:52.36,59.2 5 1
essentials/nerdle/internal/server/server.go:61.27,69.2 7 1
essentials/nerdle/internal/server/server.go:71.23,75.2 3 1
essentials/nerdle/internal/server/server.go:77.30,84.43 5 1
essentials/nerdle/internal/server/server.go:84.43,86.3 1 1
essentials/nerdle/internal/server/server.go:88.2,88.12 1 0
